TN:
SF:src\modules\appointments\services\CreateAppointmentService.ts
FN:14,CreateAppointmentService
FN:19,execute
FNF:2
FNH:2
FNDA:2,CreateAppointmentService
FNDA:3,execute
DA:1,1
DA:2,1
DA:3,1
DA:4,1
DA:5,1
DA:6,1
DA:7,1
DA:8,1
DA:9,1
DA:10,1
DA:11,1
DA:12,1
DA:13,1
DA:14,1
DA:15,2
DA:16,2
DA:17,2
DA:18,1
DA:19,1
DA:20,3
DA:21,3
DA:22,3
DA:23,3
DA:24,3
DA:25,3
DA:26,3
DA:27,3
DA:28,2
DA:29,2
DA:30,2
DA:31,2
DA:32,2
DA:33,2
DA:34,2
DA:35,0
DA:36,1
LF:36
LH:35
BRDA:14,0,0,2
BRDA:19,1,0,3
BRDA:27,2,0,1
BRDA:28,3,0,2
BRDA:35,4,0,0
BRF:5
BRH:4
end_of_record
TN:
SF:src\modules\users\services\AutenticateUserService.ts
FN:21,AuthenticateUserService
FN:26,execute
FNF:2
FNH:2
FNDA:3,AuthenticateUserService
FNDA:3,execute
DA:1,1
DA:2,1
DA:3,1
DA:4,1
DA:5,1
DA:6,1
DA:7,1
DA:8,1
DA:9,1
DA:10,1
DA:11,1
DA:12,1
DA:13,1
DA:14,1
DA:15,1
DA:16,1
DA:17,1
DA:18,1
DA:19,1
DA:20,1
DA:21,1
DA:22,3
DA:23,3
DA:24,3
DA:25,1
DA:26,1
DA:27,3
DA:28,3
DA:29,3
DA:30,2
DA:31,2
DA:32,2
DA:33,2
DA:34,2
DA:35,2
DA:36,2
DA:37,3
DA:38,1
DA:39,1
DA:40,1
DA:41,1
DA:42,1
DA:43,1
DA:44,1
DA:45,1
DA:46,1
DA:47,0
DA:48,1
LF:48
LH:47
BRDA:21,0,0,3
BRDA:26,1,0,3
BRDA:29,2,0,1
BRDA:30,3,0,2
BRDA:37,4,0,1
BRDA:47,5,0,0
BRF:6
BRH:5
end_of_record
TN:
SF:src\modules\users\services\CreateUserService.ts
FN:14,CreateUserService
FN:19,execute
FNF:2
FNH:2
FNDA:3,CreateUserService
FNDA:2,execute
DA:1,1
DA:2,1
DA:3,1
DA:4,1
DA:5,1
DA:6,1
DA:7,1
DA:8,1
DA:9,1
DA:10,1
DA:11,1
DA:12,1
DA:13,1
DA:14,1
DA:15,3
DA:16,3
DA:17,3
DA:18,1
DA:19,1
DA:20,2
DA:21,2
DA:22,2
DA:23,2
DA:24,2
DA:25,2
DA:26,2
DA:27,2
DA:28,2
DA:29,2
DA:30,2
DA:31,2
DA:32,2
DA:33,2
DA:34,2
DA:35,2
DA:36,2
DA:37,0
DA:38,1
LF:38
LH:37
BRDA:14,0,0,3
BRDA:19,1,0,2
BRDA:26,2,0,0
BRDA:37,3,0,0
BRF:4
BRH:2
end_of_record
TN:
SF:src\modules\users\services\ResetPasswordService.ts
FN:10,ResetPasswordService
FN:17,execute
FNF:2
FNH:2
FNDA:4,ResetPasswordService
FNDA:4,execute
DA:1,1
DA:2,1
DA:3,1
DA:4,1
DA:5,1
DA:6,1
DA:7,1
DA:8,1
DA:9,1
DA:10,1
DA:11,4
DA:12,4
DA:13,4
DA:14,4
DA:15,4
DA:16,1
DA:17,1
DA:18,4
DA:19,4
DA:20,4
DA:21,3
DA:22,4
DA:23,3
DA:24,4
DA:25,2
DA:26,2
DA:27,2
DA:28,2
DA:29,2
DA:30,4
DA:31,1
DA:32,1
DA:33,1
DA:34,1
DA:35,1
DA:36,1
LF:36
LH:36
BRDA:10,0,0,4
BRDA:17,1,0,4
BRDA:20,2,0,1
BRDA:21,3,0,3
BRDA:22,4,0,0
BRDA:22,5,0,3
BRDA:23,6,0,3
BRDA:24,7,0,1
BRDA:25,8,0,2
BRDA:30,9,0,1
BRF:10
BRH:9
end_of_record
TN:
SF:src\modules\users\services\SendForgotPasswordEmailService.ts
FN:11,SendForgotPasswordEmailService
FN:18,execute
FNF:2
FNH:2
FNDA:3,SendForgotPasswordEmailService
FNDA:3,execute
DA:1,1
DA:2,1
DA:3,1
DA:4,1
DA:5,1
DA:6,1
DA:7,1
DA:8,1
DA:9,1
DA:10,1
DA:11,1
DA:12,3
DA:13,3
DA:14,3
DA:15,3
DA:16,3
DA:17,1
DA:18,1
DA:19,3
DA:20,3
DA:21,3
DA:22,2
DA:23,2
DA:24,2
DA:25,2
DA:26,2
DA:27,2
DA:28,2
DA:29,2
DA:30,2
DA:31,2
DA:32,2
DA:33,2
DA:34,2
DA:35,2
DA:36,2
DA:37,2
DA:38,2
DA:39,2
DA:40,2
DA:41,2
DA:42,2
DA:43,2
DA:44,2
DA:45,2
DA:46,2
DA:47,0
DA:48,1
LF:48
LH:47
BRDA:11,0,0,3
BRDA:18,1,0,3
BRDA:21,2,0,1
BRDA:22,3,0,2
BRDA:47,4,0,0
BRF:5
BRH:4
end_of_record
TN:
SF:src\modules\users\services\ShowProfileService.ts
FN:12,ShowProfileService
FN:16,execute
FNF:2
FNH:2
FNDA:2,ShowProfileService
FNDA:2,execute
DA:1,1
DA:2,1
DA:3,1
DA:4,1
DA:5,1
DA:6,1
DA:7,1
DA:8,1
DA:9,1
DA:10,1
DA:11,1
DA:12,1
DA:13,2
DA:14,2
DA:15,1
DA:16,1
DA:17,2
DA:18,2
DA:19,2
DA:20,1
DA:21,1
DA:22,0
DA:23,1
LF:23
LH:22
BRDA:12,0,0,2
BRDA:16,1,0,2
BRDA:19,2,0,1
BRDA:22,3,0,0
BRF:4
BRH:3
end_of_record
TN:
SF:src\modules\users\services\UpdateProfileService.ts
FN:17,UpdateProfileService
FN:22,execute
FNF:2
FNH:2
FNDA:6,UpdateProfileService
FNDA:6,execute
DA:1,1
DA:2,1
DA:3,1
DA:4,1
DA:5,1
DA:6,1
DA:7,1
DA:8,1
DA:9,1
DA:10,1
DA:11,1
DA:12,1
DA:13,1
DA:14,1
DA:15,1
DA:16,1
DA:17,1
DA:18,6
DA:19,6
DA:20,6
DA:21,1
DA:22,1
DA:23,6
DA:24,6
DA:25,6
DA:26,6
DA:27,6
DA:28,6
DA:29,6
DA:30,6
DA:31,6
DA:32,5
DA:33,5
DA:34,5
DA:35,6
DA:36,6
DA:37,4
DA:38,4
DA:39,4
DA:40,4
DA:41,6
DA:42,6
DA:43,1
DA:44,1
DA:45,3
DA:46,6
DA:47,2
DA:48,2
DA:49,2
DA:50,2
DA:51,2
DA:52,1
DA:53,1
DA:54,2
DA:55,2
DA:56,0
DA:57,1
LF:57
LH:56
BRDA:17,0,0,6
BRDA:22,1,0,6
BRDA:31,2,0,1
BRDA:32,3,0,5
BRDA:35,4,0,1
BRDA:36,5,0,1
BRDA:37,6,0,4
BRDA:41,7,0,3
BRDA:42,8,0,1
BRDA:45,9,0,3
BRDA:46,10,0,2
BRDA:46,11,0,2
BRDA:51,12,0,1
BRDA:56,13,0,0
BRF:14
BRH:13
end_of_record
TN:
SF:src\modules\users\services\UpdateUserAvatarService.ts
FN:14,UpdateUserAvatarService
FN:19,execute
FNF:2
FNH:2
FNDA:3,UpdateUserAvatarService
FNDA:4,execute
DA:1,1
DA:2,1
DA:3,1
DA:4,1
DA:5,1
DA:6,1
DA:7,1
DA:8,1
DA:9,1
DA:10,1
DA:11,1
DA:12,1
DA:13,1
DA:14,1
DA:15,3
DA:16,3
DA:17,3
DA:18,1
DA:19,1
DA:20,4
DA:21,4
DA:22,4
DA:23,4
DA:24,3
DA:25,4
DA:26,3
DA:27,3
DA:28,3
DA:29,3
DA:30,3
DA:31,3
DA:32,3
DA:33,3
DA:34,0
DA:35,1
LF:35
LH:34
BRDA:14,0,0,3
BRDA:19,1,0,4
BRDA:23,2,0,1
BRDA:24,3,0,3
BRDA:25,4,0,1
BRDA:26,5,0,3
BRDA:34,6,0,0
BRF:7
BRH:6
end_of_record
