TN:
SF:src\modules\appointments\services\CreateAppointmentService.ts
FN:14,CreateAppointmentService
FN:19,execute
FNF:2
FNH:2
FNDA:2,CreateAppointmentService
FNDA:3,execute
DA:1,1
DA:2,1
DA:3,1
DA:4,1
DA:5,1
DA:6,1
DA:7,1
DA:8,1
DA:9,1
DA:10,1
DA:11,1
DA:12,1
DA:13,1
DA:14,1
DA:15,2
DA:16,2
DA:17,2
DA:18,1
DA:19,1
DA:20,3
DA:21,3
DA:22,3
DA:23,3
DA:24,3
DA:25,3
DA:26,3
DA:27,3
DA:28,2
DA:29,2
DA:30,2
DA:31,2
DA:32,2
DA:33,2
DA:34,2
DA:35,0
DA:36,1
LF:36
LH:35
BRDA:14,0,0,2
BRDA:19,1,0,3
BRDA:27,2,0,1
BRDA:28,3,0,2
BRDA:35,4,0,0
BRF:5
BRH:4
end_of_record
TN:
SF:src\modules\users\services\AutenticateUserService.ts
FN:21,AuthenticateUserService
FN:26,execute
FNF:2
FNH:2
FNDA:3,AuthenticateUserService
FNDA:3,execute
DA:1,1
DA:2,1
DA:3,1
DA:4,1
DA:5,1
DA:6,1
DA:7,1
DA:8,1
DA:9,1
DA:10,1
DA:11,1
DA:12,1
DA:13,1
DA:14,1
DA:15,1
DA:16,1
DA:17,1
DA:18,1
DA:19,1
DA:20,1
DA:21,1
DA:22,3
DA:23,3
DA:24,3
DA:25,1
DA:26,1
DA:27,3
DA:28,3
DA:29,3
DA:30,2
DA:31,2
DA:32,2
DA:33,2
DA:34,2
DA:35,2
DA:36,2
DA:37,3
DA:38,1
DA:39,1
DA:40,1
DA:41,1
DA:42,1
DA:43,1
DA:44,1
DA:45,1
DA:46,1
DA:47,0
DA:48,1
LF:48
LH:47
BRDA:21,0,0,3
BRDA:26,1,0,3
BRDA:29,2,0,1
BRDA:30,3,0,2
BRDA:37,4,0,1
BRDA:47,5,0,0
BRF:6
BRH:5
end_of_record
TN:
SF:src\modules\users\services\CreateUserService.ts
FN:14,CreateUserService
FN:19,execute
FNF:2
FNH:2
FNDA:4,CreateUserService
FNDA:5,execute
DA:1,1
DA:2,1
DA:3,1
DA:4,1
DA:5,1
DA:6,1
DA:7,1
DA:8,1
DA:9,1
DA:10,1
DA:11,1
DA:12,1
DA:13,1
DA:14,1
DA:15,4
DA:16,4
DA:17,4
DA:18,1
DA:19,1
DA:20,5
DA:21,5
DA:22,5
DA:23,5
DA:24,5
DA:25,5
DA:26,5
DA:27,4
DA:28,4
DA:29,4
DA:30,4
DA:31,4
DA:32,4
DA:33,4
DA:34,4
DA:35,4
DA:36,4
DA:37,0
DA:38,1
LF:38
LH:37
BRDA:14,0,0,4
BRDA:19,1,0,5
BRDA:26,2,0,1
BRDA:27,3,0,4
BRDA:37,4,0,0
BRF:5
BRH:4
end_of_record
TN:
SF:src\modules\users\services\UpdateUserAvatarService.ts
FN:14,UpdateUserAvatarService
FN:19,execute
FNF:2
FNH:2
FNDA:3,UpdateUserAvatarService
FNDA:4,execute
DA:1,1
DA:2,1
DA:3,1
DA:4,1
DA:5,1
DA:6,1
DA:7,1
DA:8,1
DA:9,1
DA:10,1
DA:11,1
DA:12,1
DA:13,1
DA:14,1
DA:15,3
DA:16,3
DA:17,3
DA:18,1
DA:19,1
DA:20,4
DA:21,4
DA:22,4
DA:23,4
DA:24,3
DA:25,4
DA:26,3
DA:27,3
DA:28,3
DA:29,3
DA:30,3
DA:31,3
DA:32,3
DA:33,3
DA:34,0
DA:35,1
LF:35
LH:34
BRDA:14,0,0,3
BRDA:19,1,0,4
BRDA:23,2,0,1
BRDA:24,3,0,3
BRDA:25,4,0,1
BRDA:26,5,0,3
BRDA:34,6,0,0
BRF:7
BRH:6
end_of_record
